[13:36:28] [main/INFO]: Loading tweak class name net.minecraftforge.fml.common.launcher.FMLTweaker
[13:36:28] [main/INFO]: Using primary tweak class name net.minecraftforge.fml.common.launcher.FMLTweaker
[13:36:28] [main/INFO]: Calling tweak class net.minecraftforge.fml.common.launcher.FMLTweaker
[13:36:28] [main/INFO]: Forge Mod Loader version 14.23.5.2859 for Minecraft 1.12.2 loading
[13:36:28] [main/INFO]: Java is Java HotSpot(TM) 64-Bit Server VM, version 1.8.0_51, running on Windows 10:amd64:10.0, installed at C:\Users\Zach\Twitch\Minecraft\Install\runtime\jre-legacy\windows-x64\jre-legacy
[13:36:28] [main/INFO]: Searching C:\Users\Zach\Twitch\Minecraft\Instances\Integrated GregTech\mods for mods
[13:36:28] [main/WARN]: Found FMLCorePluginContainsFMLMod marker in Forgelin-1.8.4.jar. This is not recommended, @Mods should be in a separate jar from the coremod.
[13:36:28] [main/WARN]: The coremod net.shadowfacts.forgelin.preloader.ForgelinPlugin does not have a MCVersion annotation, it may cause issues with this version of Minecraft
[13:36:28] [main/WARN]: The coremod ForgelinPlugin (net.shadowfacts.forgelin.preloader.ForgelinPlugin) is not signed!
[13:36:28] [main/WARN]: Found FMLCorePluginContainsFMLMod marker in gregtech-1.12.2-2.1.4-beta.jar. This is not recommended, @Mods should be in a separate jar from the coremod.
[13:36:28] [main/WARN]: The coremod GregTechLoadingPlugin (gregtech.core.GregTechLoadingPlugin) is not signed!
[13:36:28] [main/INFO]: Loading tweak class name net.minecraftforge.fml.common.launcher.FMLInjectionAndSortingTweaker
[13:36:28] [main/INFO]: Loading tweak class name net.minecraftforge.fml.common.launcher.FMLDeobfTweaker
[13:36:28] [main/INFO]: Calling tweak class net.minecraftforge.fml.common.launcher.FMLInjectionAndSortingTweaker
[13:36:28] [main/INFO]: Calling tweak class net.minecraftforge.fml.common.launcher.FMLInjectionAndSortingTweaker
[13:36:28] [main/INFO]: Calling tweak class net.minecraftforge.fml.relauncher.CoreModManager$FMLPluginWrapper
[13:36:29] [main/INFO]: Found valid fingerprint for Minecraft Forge. Certificate fingerprint e3c3d50c7c986df74c645c0ac54639741c90a557
[13:36:29] [main/INFO]: Found valid fingerprint for Minecraft. Certificate fingerprint cd99959656f753dc28d863b46769f7f8fbaefcfc
[13:36:29] [main/INFO]: Calling tweak class net.minecraftforge.fml.relauncher.CoreModManager$FMLPluginWrapper
[13:36:29] [main/INFO]: Calling tweak class net.minecraftforge.fml.relauncher.CoreModManager$FMLPluginWrapper
[13:36:29] [main/INFO]: Calling tweak class net.minecraftforge.fml.common.launcher.FMLDeobfTweaker
[13:36:29] [main/INFO]: Calling tweak class net.minecraftforge.fml.relauncher.CoreModManager$FMLPluginWrapper
[13:36:29] [main/INFO]: Loading tweak class name net.minecraftforge.fml.common.launcher.TerminalTweaker
[13:36:29] [main/INFO]: Calling tweak class net.minecraftforge.fml.common.launcher.TerminalTweaker
[13:36:29] [main/INFO]: Launching wrapped minecraft {net.minecraft.client.main.Main}
[13:36:29] [main/INFO]: Patched method func_180498_a(Lnet/minecraft/entity/player/EntityPlayer;ILnet/minecraft/util/math/BlockPos;I)V in net/minecraft/world/World successfully
[13:36:30] [Client thread/INFO]: Setting user: Gman_65
[13:36:32] [Client thread/WARN]: Skipping bad option: lastServer:
[13:36:32] [Client thread/INFO]: LWJGL Version: 2.9.4
[13:36:33] [Client thread/INFO]: -- System Details --
Details:
	Minecraft Version: 1.12.2
	Operating System: Windows 10 (amd64) version 10.0
	Java Version: 1.8.0_51, Oracle Corporation
	Java VM Version: Java HotSpot(TM) 64-Bit Server VM (mixed mode), Oracle Corporation
	Memory: 757448472 bytes (722 MB) / 896532480 bytes (855 MB) up to 9335996416 bytes (8903 MB)
	JVM Flags: 3 total; -XX:HeapDumpPath=MojangTricksIntelDriversForPerformance_javaw.exe_minecraft.exe.heapdump -Xmx10016m -Xms256m
	IntCache: cache: 0, tcache: 0, allocated: 0, tallocated: 0
	FML: 
	Loaded coremods (and transformers): 
ForgelinPlugin (Forgelin-1.8.4.jar)
  
GregTechLoadingPlugin (gregtech-1.12.2-2.1.4-beta.jar)
  gregtech.core.GregTechTransformer
	GL info: ' Vendor: 'NVIDIA Corporation' Version: '4.6.0 NVIDIA 461.40' Renderer: 'GeForce GTX 1660/PCIe/SSE2'
[13:36:33] [Client thread/INFO]: MinecraftForge v14.23.5.2859 Initialized
[13:36:33] [Client thread/INFO]: Starts to replace vanilla recipe ingredients with ore ingredients.
[13:36:33] [Client thread/INFO]: Invalid recipe found with multiple oredict ingredients in the same ingredient...
[13:36:33] [Client thread/INFO]: Replaced 1227 ore ingredients
[13:36:33] [Client thread/INFO]: Searching C:\Users\Zach\Twitch\Minecraft\Instances\Integrated GregTech\mods for mods
[13:36:33] [Client thread/WARN]: Mod excompressum is missing the required element 'version' and a version.properties file could not be found. Falling back to metadata version 3.0.32
[13:36:34] [Client thread/WARN]: Mod gregtech is missing the required element 'version' and a version.properties file could not be found. Falling back to metadata version 2.1.4-beta
[13:36:34] [Client thread/INFO]: Forge Mod Loader has identified 12 mods to load
[13:36:34] [Client thread/FATAL]: net.minecraftforge.fml.common.MissingModsException: Mod gregtech (GregTech) requires [codechickenlib@[3.2.3,)]
[13:36:34] [Client thread/ERROR]: An exception was thrown, the game will display an error screen and halt.
net.minecraftforge.fml.common.MissingModsException: Mod gregtech (GregTech) requires [codechickenlib@[3.2.3,)]
	at net.minecraftforge.fml.common.Loader.sortModList(Loader.java:266) ~[Loader.class:?]
	at net.minecraftforge.fml.common.Loader.loadMods(Loader.java:572) ~[Loader.class:?]
	at net.minecraftforge.fml.client.FMLClientHandler.beginMinecraftLoading(FMLClientHandler.java:232) [FMLClientHandler.class:?]
	at net.minecraft.client.Minecraft.func_71384_a(Minecraft.java:467) [bib.class:?]
	at net.minecraft.client.Minecraft.func_99999_d(Minecraft.java:378) [bib.class:?]
	at net.minecraft.client.main.Main.main(SourceFile:123) [Main.class:?]
	at sun.reflect.NativeMethodAccessorImpl.invoke0(Native Method) ~[?:1.8.0_51]
	at sun.reflect.NativeMethodAccessorImpl.invoke(NativeMethodAccessorImpl.java:62) ~[?:1.8.0_51]
	at sun.reflect.DelegatingMethodAccessorImpl.invoke(DelegatingMethodAccessorImpl.java:43) ~[?:1.8.0_51]
	at java.lang.reflect.Method.invoke(Method.java:497) ~[?:1.8.0_51]
	at net.minecraft.launchwrapper.Launch.launch(Launch.java:135) [launchwrapper-1.12.jar:?]
	at net.minecraft.launchwrapper.Launch.main(Launch.java:28) [launchwrapper-1.12.jar:?]
[13:36:34] [Client thread/WARN]: EventBus 0 shutting down - future events will not be posted.
[13:36:34] [Client thread/INFO]: Reloading ResourceManager: Default, FMLFileResourcePack:Forge Mod Loader, FMLFileResourcePack:Minecraft Forge, FMLFileResourcePack:Ex Compressum, FMLFileResourcePack:Ex Nihilo Creatio, FMLFileResourcePack:Shadowfacts' Forgelin, FMLFileResourcePack:Gregicality Multiblocks, FMLFileResourcePack:GregTech Food Option, FMLFileResourcePack:GregTech, FMLFileResourcePack:GregTech Sieves, FMLFileResourcePack:Waila
[13:36:34] [Client thread/WARN]: ResourcePack: ignored non-lowercase namespace: META-INF in C:\Users\Zach\Twitch\Minecraft\Instances\Integrated GregTech\mods\GregTech Food Option-1.12.2-1.4.0.jar
[13:36:34] [Client thread/WARN]: ResourcePack: ignored non-lowercase namespace: META-INF in C:\Users\Zach\Twitch\Minecraft\Instances\Integrated GregTech\mods\GregTech Food Option-1.12.2-1.4.0.jar
[13:36:34] [Client thread/INFO]: Patched method func_175068_a(IFJ)V in net/minecraft/client/renderer/EntityRenderer successfully
[13:36:34] [Client thread/WARN]: There were errors previously. Not beginning mod initialization phase
[13:36:35] [Sound Library Loader/INFO]: Starting up SoundSystem...
[13:36:35] [Client thread/INFO]: Patched method func_177141_a(Lnet/minecraft/entity/EntityLivingBase;FFFFFFF)V in net/minecraft/client/renderer/entity/layers/LayerCustomHead successfully
[13:36:35] [Client thread/INFO]: Patched method func_188361_a(Lnet/minecraft/entity/EntityLivingBase;FFFFFFFLnet/minecraft/inventory/EntityEquipmentSlot;)V in net/minecraft/client/renderer/entity/layers/LayerArmorBase successfully
[13:36:35] [Thread-5/INFO]: Initializing LWJGL OpenAL
[13:36:35] [Thread-5/INFO]: (The LWJGL binding of OpenAL.  For more information, see http://www.lwjgl.org)
[13:36:35] [Thread-5/INFO]: OpenAL initialized.
[13:36:35] [Client thread/INFO]: Narrator library for x64 successfully loaded
[13:36:35] [Sound Library Loader/INFO]: Sound engine started
[13:36:35] [Client thread/INFO]: Patched method func_178581_b(FFFLnet/minecraft/client/renderer/chunk/ChunkCompileTaskGenerator;)V in net/minecraft/client/renderer/chunk/RenderChunk successfully
